#
# There is insufficient memory for the Java Runtime Environment to continue.
# Native memory allocation (malloc) failed to allocate 1048576 bytes for AllocateHeap
# Possible reasons:
#   The system is out of physical RAM or swap space
#   The process is running with CompressedOops enabled, and the Java Heap may be blocking the growth of the native heap
# Possible solutions:
#   Reduce memory load on the system
#   Increase physical memory or swap space
#   Check if swap backing store is full
#   Decrease Java heap size (-Xmx/-Xms)
#   Decrease number of Java threads
#   Decrease Java thread stack sizes (-Xss)
#   Set larger code cache with -XX:ReservedCodeCacheSize=
#   JVM is running with Unscaled Compressed Oops mode in which the Java heap is
#     placed in the first 4GB address space. The Java Heap base address is the
#     maximum limit for the native heap growth. Please use -XX:HeapBaseMinAddress
#     to set the Java Heap base and to place the Java Heap above 4GB virtual address.
# This output file may be truncated or incomplete.
#
#  Out of Memory Error (memory/allocation.inline.hpp:61), pid=8312, tid=0x0000000000002230
#
# JRE version:  (8.0_241-b07) (build )
# Java VM: Java HotSpot(TM) 64-Bit Server VM (25.241-b07 mixed mode windows-amd64 compressed oops)
# Failed to write core dump. Minidumps are not enabled by default on client versions of Windows
#

---------------  T H R E A D  ---------------

Current thread (0x0000000002ae2800):  JavaThread "Unknown thread" [_thread_in_vm, id=8752, stack(0x0000000002910000,0x0000000002a10000)]

Stack: [0x0000000002910000,0x0000000002a10000]
[error occurred during error reporting (printing stack bounds), id 0xc0000005]

Native frames: (J=compiled Java code, j=interpreted, Vv=VM code, C=native code)


---------------  P R O C E S S  ---------------

Java Threads: ( => current thread )

Other Threads:

=>0x0000000002ae2800 (exited) JavaThread "Unknown thread" [_thread_in_vm, id=8752, stack(0x0000000002910000,0x0000000002a10000)]

VM state:not at safepoint (normal execution)

VM Mutex/Monitor currently owned by a thread: None

heap address: 0x0000000081800000, size: 2024 MB, Compressed Oops mode: 32-bit
Narrow klass base: 0x0000000000000000, Narrow klass shift: 3
Compressed class space size: 1073741824 Address: 0x0000000100000000

Heap:
 PSYoungGen      total 38400K, used 665K [0x00000000d5d80000, 0x00000000d8800000, 0x0000000100000000)
  eden space 33280K, 2% used [0x00000000d5d80000,0x00000000d5e26670,0x00000000d7e00000)
  from space 5120K, 0% used [0x00000000d8300000,0x00000000d8300000,0x00000000d8800000)
  to   space 5120K, 0% used [0x00000000d7e00000,0x00000000d7e00000,0x00000000d8300000)
 ParOldGen       total 87552K, used 0K [0x0000000081800000, 0x0000000086d80000, 0x00000000d5d80000)
  object space 87552K, 0% used [0x0000000081800000,0x0000000081800000,0x0000000086d80000)
 Metaspace       used 752K, capacity 4480K, committed 4480K, reserved 1056768K
  class space    used 76K, capacity 384K, committed 384K, reserved 1048576K

Card table byte_map: [0x0000000011fa0000,0x00000000123a0000] byte_map_base: 0x0000000011b94000

Marking Bits: (ParMarkBitMap*) 0x000000005a40be30
 Begin Bits: [0x0000000012a50000, 0x00000000149f0000)
 End Bits:   [0x00000000149f0000, 0x0000000016990000)

Polling page: 0x0000000002830000

CodeCache: size=245760Kb used=328Kb max_used=328Kb free=245431Kb
 bounds [0x0000000002be0000, 0x0000000002e50000, 0x0000000011be0000]
 total_blobs=58 nmethods=0 adapters=38
 compilation: enabled

Compilation events (0 events):
No events

GC Heap History (0 events):
No events

Deoptimization events (0 events):
No events

Classes redefined (0 events):
No events

Internal exceptions (0 events):
No events

Events (10 events):
Event: 0.022 loading class java/lang/Short
Event: 0.022 loading class java/lang/Short done
Event: 0.022 loading class java/lang/Integer
Event: 0.022 loading class java/lang/Integer done
Event: 0.022 loading class java/lang/Long
Event: 0.022 loading class java/lang/Long done
Event: 0.022 loading class java/lang/NullPointerException
Event: 0.023 loading class java/lang/NullPointerException done
Event: 0.023 loading class java/lang/ArithmeticException
Event: 0.023 loading class java/lang/ArithmeticException done


Dynamic libraries:
0x00007ff6ee180000 - 0x00007ff6ee1b7000 	C:\Program Files\Java\jre1.8.0_241\bin\javaw.exe
0x00007ffa4a3d0000 - 0x00007ffa4a57c000 	C:\WINDOWS\SYSTEM32\ntdll.dll
0x00007ffa48190000 - 0x00007ffa482ce000 	C:\WINDOWS\system32\KERNEL32.DLL
0x00007ffa476f0000 - 0x00007ffa47805000 	C:\WINDOWS\system32\KERNELBASE.dll
0x00007ffa460c0000 - 0x00007ffa4614e000 	C:\WINDOWS\system32\apphelp.dll
0x00007ffa3d920000 - 0x00007ffa3d973000 	C:\WINDOWS\AppPatch\AppPatch64\AcGenral.DLL
0x00007ffa48390000 - 0x00007ffa4843a000 	C:\WINDOWS\system32\msvcrt.dll
0x00007ffa472f0000 - 0x00007ffa4731e000 	C:\WINDOWS\SYSTEM32\SspiCli.dll
0x00007ffa487d0000 - 0x00007ffa48824000 	C:\WINDOWS\system32\SHLWAPI.dll
0x00007ffa48830000 - 0x00007ffa489a7000 	C:\WINDOWS\system32\USER32.dll
0x00007ffa47dc0000 - 0x00007ffa47f54000 	C:\WINDOWS\system32\ole32.dll
0x00007ffa489d0000 - 0x00007ffa49ee9000 	C:\WINDOWS\system32\SHELL32.dll
0x00007ffa46ac0000 - 0x00007ffa46ae1000 	C:\WINDOWS\SYSTEM32\USERENV.dll
0x00007ffa4a320000 - 0x00007ffa4a3ca000 	C:\WINDOWS\system32\ADVAPI32.dll
0x00007ffa3faa0000 - 0x00007ffa3fabe000 	C:\WINDOWS\SYSTEM32\MPR.dll
0x00007ffa47c70000 - 0x00007ffa47db1000 	C:\WINDOWS\system32\RPCRT4.dll
0x00007ffa484a0000 - 0x00007ffa484f9000 	C:\WINDOWS\SYSTEM32\sechost.dll
0x00007ffa47f60000 - 0x00007ffa48171000 	C:\WINDOWS\SYSTEM32\combase.dll
0x00007ffa48500000 - 0x00007ffa48651000 	C:\WINDOWS\system32\GDI32.dll
0x00007ffa474e0000 - 0x00007ffa474f5000 	C:\WINDOWS\SYSTEM32\profapi.dll
0x00007ffa45870000 - 0x00007ffa45922000 	C:\WINDOWS\SYSTEM32\SHCORE.dll
0x00007ffa48460000 - 0x00007ffa48496000 	C:\WINDOWS\system32\IMM32.DLL
0x00007ffa48670000 - 0x00007ffa487c2000 	C:\WINDOWS\system32\MSCTF.dll
0x00007ffa44cb0000 - 0x00007ffa44f2a000 	C:\WINDOWS\WinSxS\amd64_microsoft.windows.common-controls_6595b64144ccf1df_6.0.9600.17810_none_6240b9c7ecbd0bda\COMCTL32.dll
0x0000000059000000 - 0x00000000590d2000 	C:\Program Files\Java\jre1.8.0_241\bin\msvcr100.dll
0x0000000059be0000 - 0x000000005a48c000 	C:\Program Files\Java\jre1.8.0_241\bin\server\jvm.dll
0x00007ffa415e0000 - 0x00007ffa415e9000 	C:\WINDOWS\SYSTEM32\WSOCK32.dll
0x00007ffa3c250000 - 0x00007ffa3c272000 	C:\WINDOWS\SYSTEM32\WINMM.dll
0x00007ffa3f700000 - 0x00007ffa3f70a000 	C:\WINDOWS\SYSTEM32\VERSION.dll
0x00007ffa48660000 - 0x00007ffa48667000 	C:\WINDOWS\system32\PSAPI.DLL
0x00007ffa49fb0000 - 0x00007ffa4a00a000 	C:\WINDOWS\system32\WS2_32.dll
0x00007ffa3c220000 - 0x00007ffa3c24a000 	C:\WINDOWS\SYSTEM32\WINMMBASE.dll
0x00007ffa48180000 - 0x00007ffa48189000 	C:\WINDOWS\system32\NSI.dll
0x00007ffa475f0000 - 0x00007ffa4763f000 	C:\WINDOWS\SYSTEM32\cfgmgr32.dll
0x00007ffa46340000 - 0x00007ffa46368000 	C:\WINDOWS\SYSTEM32\DEVOBJ.dll
0x00007ffa3fa50000 - 0x00007ffa3fa5f000 	C:\Program Files\Java\jre1.8.0_241\bin\verify.dll
0x00007ffa3fa20000 - 0x00007ffa3fa49000 	C:\Program Files\Java\jre1.8.0_241\bin\java.dll
0x00007ffa3fa00000 - 0x00007ffa3fa16000 	C:\Program Files\Java\jre1.8.0_241\bin\zip.dll

VM Arguments:
jvm_args: -Dfile.encoding=Cp1252 
java_command: controlador.App
java_class_path (initial): C:\Users\tarde\workspace\hibernateeventos\target\classes;C:\Users\tarde\workspace\hibernateeventos\lib\lib\antlr-2.7.7.jar;C:\Users\tarde\workspace\hibernateeventos\lib\lib\byte-buddy-1.8.12.jar;C:\Users\tarde\workspace\hibernateeventos\lib\lib\classmate-1.3.4.jar;C:\Users\tarde\workspace\hibernateeventos\lib\lib\dom4j-1.6.1.jar;C:\Users\tarde\workspace\hibernateeventos\lib\lib\hibernate-commons-annotations-5.0.3.Final.jar;C:\Users\tarde\workspace\hibernateeventos\lib\lib\hibernate-core-5.3.1.Final.jar;C:\Users\tarde\workspace\hibernateeventos\lib\lib\jandex-2.0.3.Final.jar;C:\Users\tarde\workspace\hibernateeventos\lib\lib\javassist-3.22.0-GA.jar;C:\Users\tarde\workspace\hibernateeventos\lib\lib\javax.persistence-api-2.2.jar;C:\Users\tarde\workspace\hibernateeventos\lib\lib\jboss-logging-3.3.2.Final.jar;C:\Users\tarde\workspace\hibernateeventos\lib\lib\jboss-transaction-api_1.2_spec-1.1.1.Final.jar;C:\Users\tarde\workspace\hibernateeventos\lib\lib\mysql-connector-java-8.0.12.jar;C:\Users\tarde\.m2\repository\org\hibernate\hibernate-core\4.3.6.Final\hibernate-core-4.3.6.Final.jar;C:\Users\tarde\.m2\repository\org\jboss\logging\jboss-logging\3.1.3.GA\jboss-logging-3.1.3.GA.jar;C:\Users\tarde\.m2\repository\org\jboss\logging\jboss-logging-annotations\1.2.0.Beta1\jboss-logging-annotations-1.2.0.Beta1.jar;C:\Users\tarde\.m2\repository\org\jboss\spec\javax\transaction\jboss-transaction-api_1.2_spec\1.0.0.Final\jboss-transaction-api_1.2_spec-1.0.0.Final.jar;C:\Users\tarde\.m2\repository\dom4j\dom4j\1.6.1\dom4j-1.6.1.jar;C:\Users\tarde\.m2\repository\xml-apis\xml-apis\1.0.b2\xml-apis-1.0.b2.jar;C:\Users\tarde\.m2\repository\org\hibernate\common\hibernate-commons-annotations\4.0.5.Final\hibernate-commons-annotations-4.0.5.Final.jar;C:\Users\tarde\.m2\repository\org\hibernate\javax\persistence\hibernate-jpa-2.1-api\1.0.0.Final\hibernate-jpa-2.1-api-1.0.0.Final.jar;C:\Users\tarde\.m2\repository\antlr\antlr\2.7.7\antlr-2.7.7.jar;C:\Users\tarde\.m2\r
Launcher Type: SUN_STANDARD

Environment Variables:
JAVA_HOME=C:\Program Files\Java\jdk1.8.0_111
JRE_HOME=C:\Program Files\Java\jre1.8.0_241
PATH=C:/Program Files/Java/jre1.8.0_241/bin/server;C:/Program Files/Java/jre1.8.0_241/bin;C:/Program Files/Java/jre1.8.0_241/lib/amd64;C:\Program Files (x86)\Common Files\Oracle\Java\javapath;C:\ProgramData\Oracle\Java\javapath;C:\Program Files (x86)\Intel\iCLS Client\;C:\Program Files\Intel\iCLS Client\;C:\WINDOWS\system32;C:\WINDOWS;C:\WINDOWS\System32\Wbem;C:\WINDOWS\System32\WindowsPowerShell\v1.0\;C:\Program Files\Intel\Intel(R) Management Engine Components\DAL;C:\Program Files\Intel\Intel(R) Management Engine Components\IPT;C:\Program Files (x86)\Intel\Intel(R) Management Engine Components\DAL;C:\Program Files (x86)\Intel\Intel(R) Management Engine Components\IPT;C:\Program Files\dotnet\;C:\Program Files\Microsoft SQL Server\Client SDK\ODBC\170\Tools\Binn\;E:\putty\;E:\PEDRO TARDE\Odoo 12.0\PostgreSQL\bin;E:\PEDRO TARDE\Odoo 12.0\PostgreSQL\lib;C:\Program Files\Microsoft SQL Server\130\Tools\Binn\;E:\maven\bin;;C:\Users\tarde\Desktop;
USERNAME=tarde
OS=Windows_NT
PROCESSOR_IDENTIFIER=Intel64 Family 6 Model 60 Stepping 3, GenuineIntel



---------------  S Y S T E M  ---------------

OS: Windows 8.1 , 64 bit Build 9600 (6.3.9600.17415)

CPU:total 4 (initial active 4) (2 cores per cpu, 2 threads per core) family 6 model 60 stepping 3, cmov, cx8, fxsr, mmx, sse, sse2, sse3, ssse3, sse4.1, sse4.2, popcnt, avx, avx2, aes, clmul, erms, lzcnt, ht, tsc, tscinvbit, bmi1, bmi2

Memory: 4k page, physical 8286168k(2165384k free), swap 11431896k(5144k free)

vm_info: Java HotSpot(TM) 64-Bit Server VM (25.241-b07) for windows-amd64 JRE (1.8.0_241-b07), built on Dec 11 2019 10:21:40 by "rejava" with MS VC++ 10.0 (VS2010)

time: Thu Feb 13 17:58:04 2020
timezone: Hora estándar romance
elapsed time: 0 seconds (0d 0h 0m 0s)

